c:\users\chenchi_a\perforce\tttttttttest\dx13\x64\debug\vc142.pdb
c:\users\chenchi_a\perforce\tttttttttest\dx13\x64\debug\vc142.idb
c:\users\chenchi_a\perforce\tttttttttest\dx13\x64\debug\frameresource.obj
c:\users\chenchi_a\perforce\tttttttttest\dx13\x64\debug\skybox.obj
c:\users\chenchi_a\perforce\tttttttttest\dx13\x64\debug\singletriangle.obj
c:\users\chenchi_a\perforce\tttttttttest\dx13\x64\debug\model.obj
c:\users\chenchi_a\perforce\tttttttttest\dx13\x64\debug\floor.obj
c:\users\chenchi_a\perforce\tttttttttest\dx13\x64\debug\d3dutil.obj
c:\users\chenchi_a\perforce\tttttttttest\dx13\x64\debug\camera.obj
c:\users\chenchi_a\perforce\tttttttttest\dx13\x64\debug\indexbuffer.obj
c:\users\chenchi_a\perforce\tttttttttest\dx13\x64\debug\directx14app.obj
c:\users\chenchi_a\perforce\tttttttttest\dx13\x64\debug\d4dapp.obj
c:\users\chenchi_a\perforce\tttttttttest\dx13\x64\debug\bindable.obj
c:\users\chenchi_a\perforce\tttttttttest\dx13\x64\debug\main.obj
c:\users\chenchi_a\perforce\tttttttttest\dx13\x64\debug\vertexshader.obj
c:\users\chenchi_a\perforce\tttttttttest\dx13\x64\debug\vertexbuffer.obj
c:\users\chenchi_a\perforce\tttttttttest\dx13\x64\debug\pixelshader.obj
c:\users\chenchi_a\perforce\tttttttttest\dx13\x64\debug\drawable.obj
c:\users\chenchi_a\perforce\tttttttttest\dx13\x64\debug\ddstextureloader.obj
c:\users\chenchi_a\perforce\tttttttttest\dx13\x64\debug\shaderbase.obj
c:\users\chenchi_a\perforce\tttttttttest\dx13\x64\debug\modelshader.obj
c:\users\chenchi_a\perforce\tttttttttest\dx13\x64\debug\dx14texture.obj
c:\users\chenchi_a\perforce\tttttttttest\dx13\x64\debug\part.obj
c:\users\chenchi_a\perforce\tttttttttest\dx13\x64\debug\texture2d.obj
c:\users\chenchi_a\perforce\tttttttttest\dx13\x64\debug\renderitem.obj
c:\users\chenchi_a\perforce\tttttttttest\dx13\x64\debug\renderer.obj
c:\users\chenchi_a\perforce\tttttttttest\dx13\x64\debug\mathhelper.obj
c:\users\chenchi_a\perforce\tttttttttest\dx13\x64\debug\gltfloader.obj
c:\users\chenchi_a\perforce\tttttttttest\dx13\x64\debug\geometrygenerator.obj
c:\users\chenchi_a\perforce\tttttttttest\dx13\x64\debug\gametimer.obj
c:\users\chenchi_a\perforce\tttttttttest\dx13\x64\debug\shadowmapshader.obj
c:\users\chenchi_a\perforce\tttttttttest\dx13\x64\debug\shadowmap.obj
c:\users\chenchi_a\perforce\tttttttttest\dx13\x64\debug\dx13.exe
c:\users\chenchi_a\perforce\tttttttttest\dx13\x64\debug\dx13.ilk
c:\users\chenchi_a\perforce\tttttttttest\dx13\x64\debug\dx13.pdb
c:\users\chenchi_a\perforce\tttttttttest\dx13\x64\debug\dx13.tlog\cl.command.1.tlog
c:\users\chenchi_a\perforce\tttttttttest\dx13\x64\debug\dx13.tlog\cl.read.1.tlog
c:\users\chenchi_a\perforce\tttttttttest\dx13\x64\debug\dx13.tlog\cl.write.1.tlog
c:\users\chenchi_a\perforce\tttttttttest\dx13\x64\debug\dx13.tlog\fxc.command.1.tlog
c:\users\chenchi_a\perforce\tttttttttest\dx13\x64\debug\dx13.tlog\fxc.read.1.tlog
c:\users\chenchi_a\perforce\tttttttttest\dx13\x64\debug\dx13.tlog\link.command.1.tlog
c:\users\chenchi_a\perforce\tttttttttest\dx13\x64\debug\dx13.tlog\link.read.1.tlog
c:\users\chenchi_a\perforce\tttttttttest\dx13\x64\debug\dx13.tlog\link.write.1.tlog
